<?xml version="1.0" encoding="UTF-8" ?>
<testsuite tests="4" failures="4" name="NumberOfNumbersTest" time="0.313" errors="0" skipped="0">
  <properties>
[...]
</properties>
  <testcase classname="NumberOfNumbersTest" name="test1" time="0.262">
    <failure message="When the input was:
5
4
-3
1
0

The output should contain &quot;Number of numbers: 4&quot;. Now the output was Give a number: (0) exits
Give a number: (0) exits
Give a number: (0) exits
Give a number: (0) exits
Give a number: (0) exits
Total inputs = 4
" type="java.lang.AssertionError">java.lang.AssertionError: When the input was:
5
4
-3
1
0

The output should contain &quot;Number of numbers: 4&quot;. Now the output was Give a number: (0) exits
Give a number: (0) exits
Give a number: (0) exits
Give a number: (0) exits
Give a number: (0) exits
Total inputs = 4

	at org.junit.Assert.fail(Assert.java:88)
	at org.junit.Assert.assertTrue(Assert.java:41)
	at NumberOfNumbersTest.test(NumberOfNumbersTest.java:53)
	at NumberOfNumbersTest.test1(NumberOfNumbersTest.java:17)
	at java.base/jdk.internal.reflect.NativeMethodAccessorImpl.invoke0(Native Method)
	at java.base/jdk.internal.reflect.NativeMethodAccessorImpl.invoke(NativeMethodAccessorImpl.java:62)
	at java.base/jdk.internal.reflect.DelegatingMethodAccessorImpl.invoke(DelegatingMethodAccessorImpl.java:43)
	at java.base/java.lang.reflect.Method.invoke(Method.java:566)
	at org.junit.runners.model.FrameworkMethod$1.runReflectiveCall(FrameworkMethod.java:50)
	at org.junit.internal.runners.model.ReflectiveCallable.run(ReflectiveCallable.java:12)
	at org.junit.runners.model.FrameworkMethod.invokeExplosively(FrameworkMethod.java:47)
	at org.junit.internal.runners.statements.InvokeMethod.evaluate(InvokeMethod.java:17)
	at org.junit.internal.runners.statements.FailOnTimeout$CallableStatement.call(FailOnTimeout.java:298)
	at org.junit.internal.runners.statements.FailOnTimeout$CallableStatement.call(FailOnTimeout.java:292)
	at java.base/java.util.concurrent.FutureTask.run(FutureTask.java:264)
	at java.base/java.lang.Thread.run(Thread.java:834)
</failure>
  </testcase>
  <testcase classname="NumberOfNumbersTest" name="test2" time="0.022">
    <failure message="When the input was:
-2
0

The output should contain &quot;Number of numbers: 1&quot;. Now the output was Give a number: (0) exits
Give a number: (0) exits
Total inputs = 1
" type="java.lang.AssertionError">java.lang.AssertionError: When the input was:
-2
0

The output should contain &quot;Number of numbers: 1&quot;. Now the output was Give a number: (0) exits
Give a number: (0) exits
Total inputs = 1

	at org.junit.Assert.fail(Assert.java:88)
	at org.junit.Assert.assertTrue(Assert.java:41)
	at NumberOfNumbersTest.test(NumberOfNumbersTest.java:53)
	at NumberOfNumbersTest.test2(NumberOfNumbersTest.java:22)
	at java.base/jdk.internal.reflect.NativeMethodAccessorImpl.invoke0(Native Method)
	at java.base/jdk.internal.reflect.NativeMethodAccessorImpl.invoke(NativeMethodAccessorImpl.java:62)
	at java.base/jdk.internal.reflect.DelegatingMethodAccessorImpl.invoke(DelegatingMethodAccessorImpl.java:43)
	at java.base/java.lang.reflect.Method.invoke(Method.java:566)
	at org.junit.runners.model.FrameworkMethod$1.runReflectiveCall(FrameworkMethod.java:50)
	at org.junit.internal.runners.model.ReflectiveCallable.run(ReflectiveCallable.java:12)
	at org.junit.runners.model.FrameworkMethod.invokeExplosively(FrameworkMethod.java:47)
	at org.junit.internal.runners.statements.InvokeMethod.evaluate(InvokeMethod.java:17)
	at org.junit.internal.runners.statements.FailOnTimeout$CallableStatement.call(FailOnTimeout.java:298)
	at org.junit.internal.runners.statements.FailOnTimeout$CallableStatement.call(FailOnTimeout.java:292)
	at java.base/java.util.concurrent.FutureTask.run(FutureTask.java:264)
	at java.base/java.lang.Thread.run(Thread.java:834)
</failure>
  </testcase>
  <testcase classname="NumberOfNumbersTest" name="test3" time="0.018">
    <failure message="When the input was:
-2
-3
-1
-4
-5
0

The output should contain &quot;Number of numbers: 5&quot;. Now the output was Give a number: (0) exits
Give a number: (0) exits
Give a number: (0) exits
Give a number: (0) exits
Give a number: (0) exits
Give a number: (0) exits
Total inputs = 5
" type="java.lang.AssertionError">java.lang.AssertionError: When the input was:
-2
-3
-1
-4
-5
0

The output should contain &quot;Number of numbers: 5&quot;. Now the output was Give a number: (0) exits
Give a number: (0) exits
Give a number: (0) exits
Give a number: (0) exits
Give a number: (0) exits
Give a number: (0) exits
Total inputs = 5

	at org.junit.Assert.fail(Assert.java:88)
	at org.junit.Assert.assertTrue(Assert.java:41)
	at NumberOfNumbersTest.test(NumberOfNumbersTest.java:53)
	at NumberOfNumbersTest.test3(NumberOfNumbersTest.java:27)
	at java.base/jdk.internal.reflect.NativeMethodAccessorImpl.invoke0(Native Method)
	at java.base/jdk.internal.reflect.NativeMethodAccessorImpl.invoke(NativeMethodAccessorImpl.java:62)
	at java.base/jdk.internal.reflect.DelegatingMethodAccessorImpl.invoke(DelegatingMethodAccessorImpl.java:43)
	at java.base/java.lang.reflect.Method.invoke(Method.java:566)
	at org.junit.runners.model.FrameworkMethod$1.runReflectiveCall(FrameworkMethod.java:50)
	at org.junit.internal.runners.model.ReflectiveCallable.run(ReflectiveCallable.java:12)
	at org.junit.runners.model.FrameworkMethod.invokeExplosively(FrameworkMethod.java:47)
	at org.junit.internal.runners.statements.InvokeMethod.evaluate(InvokeMethod.java:17)
	at org.junit.internal.runners.statements.FailOnTimeout$CallableStatement.call(FailOnTimeout.java:298)
	at org.junit.internal.runners.statements.FailOnTimeout$CallableStatement.call(FailOnTimeout.java:292)
	at java.base/java.util.concurrent.FutureTask.run(FutureTask.java:264)
	at java.base/java.lang.Thread.run(Thread.java:834)
</failure>
  </testcase>
  <testcase classname="NumberOfNumbersTest" name="test4" time="0.011">
    <failure message="When the input was:
1
6
4
5
0

The output should contain &quot;Number of numbers: 4&quot;. Now the output was Give a number: (0) exits
Give a number: (0) exits
Give a number: (0) exits
Give a number: (0) exits
Give a number: (0) exits
Total inputs = 4
" type="java.lang.AssertionError">java.lang.AssertionError: When the input was:
1
6
4
5
0

The output should contain &quot;Number of numbers: 4&quot;. Now the output was Give a number: (0) exits
Give a number: (0) exits
Give a number: (0) exits
Give a number: (0) exits
Give a number: (0) exits
Total inputs = 4

	at org.junit.Assert.fail(Assert.java:88)
	at org.junit.Assert.assertTrue(Assert.java:41)
	at NumberOfNumbersTest.test(NumberOfNumbersTest.java:53)
	at NumberOfNumbersTest.test4(NumberOfNumbersTest.java:32)
	at java.base/jdk.internal.reflect.NativeMethodAccessorImpl.invoke0(Native Method)
	at java.base/jdk.internal.reflect.NativeMethodAccessorImpl.invoke(NativeMethodAccessorImpl.java:62)
	at java.base/jdk.internal.reflect.DelegatingMethodAccessorImpl.invoke(DelegatingMethodAccessorImpl.java:43)
	at java.base/java.lang.reflect.Method.invoke(Method.java:566)
	at org.junit.runners.model.FrameworkMethod$1.runReflectiveCall(FrameworkMethod.java:50)
	at org.junit.internal.runners.model.ReflectiveCallable.run(ReflectiveCallable.java:12)
	at org.junit.runners.model.FrameworkMethod.invokeExplosively(FrameworkMethod.java:47)
	at org.junit.internal.runners.statements.InvokeMethod.evaluate(InvokeMethod.java:17)
	at org.junit.internal.runners.statements.FailOnTimeout$CallableStatement.call(FailOnTimeout.java:298)
	at org.junit.internal.runners.statements.FailOnTimeout$CallableStatement.call(FailOnTimeout.java:292)
	at java.base/java.util.concurrent.FutureTask.run(FutureTask.java:264)
	at java.base/java.lang.Thread.run(Thread.java:834)
</failure>
  </testcase>
</testsuite>